<?xml version="1.0" encoding="UTF-8"?>
<!-- Generated by org.testng.reporters.JUnitReportReporter -->
<testsuite skipped="0" hostname="DESKTOP-LR1G07F" name="TestNG.classone" tests="3" failures="0" timestamp="06 Apr 2023 17:12:39 GMT" time="0.103" errors="0">
  <testcase name="tc11" time="0.019" classname="TestNG.classone"/>
  <testcase name="tc17" time="0.028" classname="TestNG.classone"/>
  <testcase name="tc15" time="0.056" classname="TestNG.classone"/>
</testsuite> <!-- TestNG.classone -->
