<?xml version="1.0" encoding="UTF-8"?>
<!-- Generated by org.testng.reporters.JUnitReportReporter -->
<testsuite skipped="0" hostname="DESKTOP-LR1G07F" name="TestNG.classtwo" tests="3" failures="0" timestamp="06 Apr 2023 17:12:39 GMT" time="0.118" errors="0">
  <testcase name="tc29" time="0.035" classname="TestNG.classtwo"/>
  <testcase name="tc23" time="0.014" classname="TestNG.classtwo"/>
  <testcase name="tc21" time="0.069" classname="TestNG.classtwo"/>
</testsuite> <!-- TestNG.classtwo -->
